<?xml version="1.0" encoding="UTF-8"?>
<testsuite xmlns:xsi="http://www.w3.org/2001/XMLSchema-instance" xsi:noNamespaceSchemaLocation="https://maven.apache.org/surefire/maven-surefire-plugin/xsd/surefire-test-report-3.0.xsd" version="3.0" name="com.airline.AirlineReservationApplicationTests" time="12.584" tests="1" errors="0" skipped="0" failures="0">
  <properties>
[...]
</properties>
  <testcase name="contextLoads" classname="com.airline.AirlineReservationApplicationTests" time="0.7">
    <system-out><![CDATA[01:37:39.659 [main] INFO org.springframework.test.context.support.AnnotationConfigContextLoaderUtils -- Could not detect default configuration classes for test class [com.airline.AirlineReservationApplicationTests]: AirlineReservationApplicationTests does not declare any static, non-private, non-final, nested classes annotated with @Configuration.
01:37:39.872 [main] INFO org.springframework.boot.test.context.SpringBootTestContextBootstrapper -- Found @SpringBootConfiguration com.airline.AirlineReservationApplication for test class com.airline.AirlineReservationApplicationTests

  .   ____          _            __ _ _
 /\\ / ___'_ __ _ _(_)_ __  __ _ \ \ \ \
( ( )\___ | '_ | '_| | '_ \/ _` | \ \ \ \
 \\/  ___)| |_)| | | | | || (_| |  ) ) ) )
  '  |____| .__|_| |_|_| |_\__, | / / / /
 =========|_|==============|___/=/_/_/_/
 :: Spring Boot ::                (v3.2.0)

2026-03-16T01:37:40.678Z  INFO 4231 --- [airline-reservation] [           main] c.a.AirlineReservationApplicationTests   : Starting AirlineReservationApplicationTests using Java 17.0.18 with PID 4231 (started by root in /app/airline-reservation)
2026-03-16T01:37:40.679Z  INFO 4231 --- [airline-reservation] [           main] c.a.AirlineReservationApplicationTests   : No active profile set, falling back to 1 default profile: "default"
2026-03-16T01:37:42.262Z  INFO 4231 --- [airline-reservation] [           main] .s.d.r.c.RepositoryConfigurationDelegate : Bootstrapping Spring Data JPA repositories in DEFAULT mode.
2026-03-16T01:37:42.369Z  INFO 4231 --- [airline-reservation] [           main] .s.d.r.c.RepositoryConfigurationDelegate : Finished Spring Data repository scanning in 99 ms. Found 5 JPA repository interfaces.
2026-03-16T01:37:43.349Z  INFO 4231 --- [airline-reservation] [           main] o.hibernate.jpa.internal.util.LogHelper  : HHH000204: Processing PersistenceUnitInfo [name: default]
2026-03-16T01:37:43.458Z  INFO 4231 --- [airline-reservation] [           main] org.hibernate.Version                    : HHH000412: Hibernate ORM core version 6.3.1.Final
2026-03-16T01:37:43.547Z  INFO 4231 --- [airline-reservation] [           main] o.h.c.internal.RegionFactoryInitiator    : HHH000026: Second-level cache disabled
2026-03-16T01:37:44.079Z  INFO 4231 --- [airline-reservation] [           main] o.s.o.j.p.SpringPersistenceUnitInfo      : No LoadTimeWeaver setup: ignoring JPA class transformer
2026-03-16T01:37:44.159Z  INFO 4231 --- [airline-reservation] [           main] com.zaxxer.hikari.HikariDataSource       : HikariPool-1 - Starting...
2026-03-16T01:37:44.668Z  INFO 4231 --- [airline-reservation] [           main] com.zaxxer.hikari.pool.HikariPool        : HikariPool-1 - Added connection conn0: url=jdbc:h2:mem:airlinedb user=SA
2026-03-16T01:37:44.670Z  INFO 4231 --- [airline-reservation] [           main] com.zaxxer.hikari.HikariDataSource       : HikariPool-1 - Start completed.
2026-03-16T01:37:44.747Z  WARN 4231 --- [airline-reservation] [           main] org.hibernate.orm.deprecation            : HHH90000025: H2Dialect does not need to be specified explicitly using 'hibernate.dialect' (remove the property setting and it will be selected by default)
2026-03-16T01:37:47.449Z  INFO 4231 --- [airline-reservation] [           main] o.h.e.t.j.p.i.JtaPlatformInitiator       : HHH000489: No JTA platform available (set 'hibernate.transaction.jta.platform' to enable JTA platform integration)
Hibernate: drop table if exists bookings cascade 
Hibernate: drop table if exists flights cascade 
Hibernate: drop table if exists passengers cascade 
Hibernate: drop table if exists seat_holds cascade 
Hibernate: drop table if exists seats cascade 
Hibernate: create table bookings (booking_time timestamp(6) not null, id bigint generated by default as identity, passenger_id bigint not null, seat_id bigint not null unique, status varchar(255) not null check (status in ('CONFIRMED','CANCELLED')), primary key (id))
Hibernate: create table flights (arrival_time timestamp(6) not null, departure_time timestamp(6) not null, id bigint generated by default as identity, arrival_airport varchar(255) not null, departure_airport varchar(255) not null, flight_number varchar(255) not null unique, primary key (id))
Hibernate: create table passengers (id bigint generated by default as identity, email varchar(255) not null unique, name varchar(255) not null, primary key (id))
Hibernate: create table seat_holds (active boolean not null, expiration_time timestamp(6) not null, hold_time timestamp(6) not null, id bigint generated by default as identity, seat_id bigint not null, user_id varchar(255) not null, primary key (id))
Hibernate: create table seats (row_number integer not null, flight_id bigint not null, id bigint generated by default as identity, fare_class varchar(255) not null check (fare_class in ('ECONOMY','PREMIUM_ECONOMY','BUSINESS','FIRST')), seat_number varchar(255) not null, status varchar(255) not null check (status in ('AVAILABLE','HELD','BOOKED')), primary key (id))
Hibernate: alter table if exists bookings add constraint FKdrfy7gcwhtaubn8vgbc4jv989 foreign key (passenger_id) references passengers
Hibernate: alter table if exists bookings add constraint FKhmf8yyefriw5ski3jibaua6n foreign key (seat_id) references seats
Hibernate: alter table if exists seat_holds add constraint FKsqaitepj3whcje1a3hosqswld foreign key (seat_id) references seats
Hibernate: alter table if exists seats add constraint FK8qbyfo5qix0qqg5euuk81qo0p foreign key (flight_id) references flights
2026-03-16T01:37:47.565Z  INFO 4231 --- [airline-reservation] [           main] j.LocalContainerEntityManagerFactoryBean : Initialized JPA EntityManagerFactory for persistence unit 'default'
2026-03-16T01:37:48.380Z  INFO 4231 --- [airline-reservation] [           main] o.s.d.j.r.query.QueryEnhancerFactory     : Hibernate is in classpath; If applicable, HQL parser will be used.
2026-03-16T01:37:49.745Z  WARN 4231 --- [airline-reservation] [           main] JpaBaseConfiguration$JpaWebConfiguration : spring.jpa.open-in-view is enabled by default. Therefore, database queries may be performed during view rendering. Explicitly configure spring.jpa.open-in-view to disable this warning
2026-03-16T01:37:50.463Z  INFO 4231 --- [airline-reservation] [           main] o.s.b.a.h2.H2ConsoleAutoConfiguration    : H2 console available at '/h2-console'. Database available at 'jdbc:h2:mem:airlinedb'
2026-03-16T01:37:50.564Z  INFO 4231 --- [airline-reservation] [           main] c.a.AirlineReservationApplicationTests   : Started AirlineReservationApplicationTests in 10.385 seconds (process running for 12.978)
Hibernate: insert into flights (arrival_airport,arrival_time,departure_airport,departure_time,flight_number,id) values (?,?,?,?,?,default)
Hibernate: select sh1_0.id,sh1_0.active,sh1_0.expiration_time,sh1_0.hold_time,sh1_0.seat_id,sh1_0.user_id from seat_holds sh1_0 where sh1_0.active=true and sh1_0.expiration_time<?
Hibernate: insert into seats (fare_class,flight_id,row_number,seat_number,status,id) values (?,?,?,?,?,default)
Hibernate: insert into seats (fare_class,flight_id,row_number,seat_number,status,id) values (?,?,?,?,?,default)
Hibernate: insert into seats (fare_class,flight_id,row_number,seat_number,status,id) values (?,?,?,?,?,default)
Hibernate: insert into seats (fare_class,flight_id,row_number,seat_number,status,id) values (?,?,?,?,?,default)
Hibernate: insert into seats (fare_class,flight_id,row_number,seat_number,status,id) values (?,?,?,?,?,default)
Hibernate: insert into seats (fare_class,flight_id,row_number,seat_number,status,id) values (?,?,?,?,?,default)
Hibernate: insert into seats (fare_class,flight_id,row_number,seat_number,status,id) values (?,?,?,?,?,default)
Hibernate: insert into seats (fare_class,flight_id,row_number,seat_number,status,id) values (?,?,?,?,?,default)
Hibernate: insert into seats (fare_class,flight_id,row_number,seat_number,status,id) values (?,?,?,?,?,default)
Hibernate: insert into seats (fare_class,flight_id,row_number,seat_number,status,id) values (?,?,?,?,?,default)
Hibernate: insert into seats (fare_class,flight_id,row_number,seat_number,status,id) values (?,?,?,?,?,default)
Hibernate: insert into seats (fare_class,flight_id,row_number,seat_number,status,id) values (?,?,?,?,?,default)
Hibernate: insert into seats (fare_class,flight_id,row_number,seat_number,status,id) values (?,?,?,?,?,default)
Hibernate: insert into seats (fare_class,flight_id,row_number,seat_number,status,id) values (?,?,?,?,?,default)
Hibernate: insert into seats (fare_class,flight_id,row_number,seat_number,status,id) values (?,?,?,?,?,default)
Hibernate: insert into seats (fare_class,flight_id,row_number,seat_number,status,id) values (?,?,?,?,?,default)
Hibernate: insert into seats (fare_class,flight_id,row_number,seat_number,status,id) values (?,?,?,?,?,default)
Hibernate: insert into seats (fare_class,flight_id,row_number,seat_number,status,id) values (?,?,?,?,?,default)
Hibernate: insert into seats (fare_class,flight_id,row_number,seat_number,status,id) values (?,?,?,?,?,default)
Hibernate: insert into seats (fare_class,flight_id,row_number,seat_number,status,id) values (?,?,?,?,?,default)
Hibernate: insert into seats (fare_class,flight_id,row_number,seat_number,status,id) values (?,?,?,?,?,default)
Hibernate: insert into seats (fare_class,flight_id,row_number,seat_number,status,id) values (?,?,?,?,?,default)
Hibernate: insert into seats (fare_class,flight_id,row_number,seat_number,status,id) values (?,?,?,?,?,default)
Hibernate: insert into seats (fare_class,flight_id,row_number,seat_number,status,id) values (?,?,?,?,?,default)
Hibernate: insert into seats (fare_class,flight_id,row_number,seat_number,status,id) values (?,?,?,?,?,default)
Hibernate: insert into seats (fare_class,flight_id,row_number,seat_number,status,id) values (?,?,?,?,?,default)
Hibernate: insert into seats (fare_class,flight_id,row_number,seat_number,status,id) values (?,?,?,?,?,default)
Hibernate: insert into seats (fare_class,flight_id,row_number,seat_number,status,id) values (?,?,?,?,?,default)
Hibernate: insert into seats (fare_class,flight_id,row_number,seat_number,status,id) values (?,?,?,?,?,default)
Hibernate: insert into seats (fare_class,flight_id,row_number,seat_number,status,id) values (?,?,?,?,?,default)
Hibernate: insert into seats (fare_class,flight_id,row_number,seat_number,status,id) values (?,?,?,?,?,default)
Hibernate: insert into seats (fare_class,flight_id,row_number,seat_number,status,id) values (?,?,?,?,?,default)
Hibernate: insert into seats (fare_class,flight_id,row_number,seat_number,status,id) values (?,?,?,?,?,default)
Hibernate: insert into seats (fare_class,flight_id,row_number,seat_number,status,id) values (?,?,?,?,?,default)
Hibernate: insert into seats (fare_class,flight_id,row_number,seat_number,status,id) values (?,?,?,?,?,default)
Hibernate: insert into seats (fare_class,flight_id,row_number,seat_number,status,id) values (?,?,?,?,?,default)
Hibernate: insert into seats (fare_class,flight_id,row_number,seat_number,status,id) values (?,?,?,?,?,default)
Hibernate: insert into seats (fare_class,flight_id,row_number,seat_number,status,id) values (?,?,?,?,?,default)
Hibernate: insert into seats (fare_class,flight_id,row_number,seat_number,status,id) values (?,?,?,?,?,default)
Hibernate: insert into seats (fare_class,flight_id,row_number,seat_number,status,id) values (?,?,?,?,?,default)
Hibernate: insert into seats (fare_class,flight_id,row_number,seat_number,status,id) values (?,?,?,?,?,default)
Hibernate: insert into seats (fare_class,flight_id,row_number,seat_number,status,id) values (?,?,?,?,?,default)
Hibernate: insert into seats (fare_class,flight_id,row_number,seat_number,status,id) values (?,?,?,?,?,default)
Hibernate: insert into seats (fare_class,flight_id,row_number,seat_number,status,id) values (?,?,?,?,?,default)
Hibernate: insert into seats (fare_class,flight_id,row_number,seat_number,status,id) values (?,?,?,?,?,default)
Hibernate: insert into seats (fare_class,flight_id,row_number,seat_number,status,id) values (?,?,?,?,?,default)
Hibernate: insert into seats (fare_class,flight_id,row_number,seat_number,status,id) values (?,?,?,?,?,default)
Hibernate: insert into seats (fare_class,flight_id,row_number,seat_number,status,id) values (?,?,?,?,?,default)
Hibernate: insert into seats (fare_class,flight_id,row_number,seat_number,status,id) values (?,?,?,?,?,default)
Hibernate: insert into seats (fare_class,flight_id,row_number,seat_number,status,id) values (?,?,?,?,?,default)
Hibernate: insert into seats (fare_class,flight_id,row_number,seat_number,status,id) values (?,?,?,?,?,default)
Hibernate: insert into seats (fare_class,flight_id,row_number,seat_number,status,id) values (?,?,?,?,?,default)
Hibernate: insert into seats (fare_class,flight_id,row_number,seat_number,status,id) values (?,?,?,?,?,default)
Hibernate: insert into seats (fare_class,flight_id,row_number,seat_number,status,id) values (?,?,?,?,?,default)
Hibernate: insert into flights (arrival_airport,arrival_time,departure_airport,departure_time,flight_number,id) values (?,?,?,?,?,default)
Hibernate: insert into seats (fare_class,flight_id,row_number,seat_number,status,id) values (?,?,?,?,?,default)
Hibernate: insert into seats (fare_class,flight_id,row_number,seat_number,status,id) values (?,?,?,?,?,default)
Hibernate: insert into seats (fare_class,flight_id,row_number,seat_number,status,id) values (?,?,?,?,?,default)
Hibernate: insert into seats (fare_class,flight_id,row_number,seat_number,status,id) values (?,?,?,?,?,default)
Hibernate: insert into seats (fare_class,flight_id,row_number,seat_number,status,id) values (?,?,?,?,?,default)
Hibernate: insert into seats (fare_class,flight_id,row_number,seat_number,status,id) values (?,?,?,?,?,default)
Hibernate: insert into seats (fare_class,flight_id,row_number,seat_number,status,id) values (?,?,?,?,?,default)
Hibernate: insert into seats (fare_class,flight_id,row_number,seat_number,status,id) values (?,?,?,?,?,default)
Hibernate: insert into seats (fare_class,flight_id,row_number,seat_number,status,id) values (?,?,?,?,?,default)
Hibernate: insert into seats (fare_class,flight_id,row_number,seat_number,status,id) values (?,?,?,?,?,default)
Hibernate: insert into seats (fare_class,flight_id,row_number,seat_number,status,id) values (?,?,?,?,?,default)
Hibernate: insert into seats (fare_class,flight_id,row_number,seat_number,status,id) values (?,?,?,?,?,default)
Hibernate: insert into seats (fare_class,flight_id,row_number,seat_number,status,id) values (?,?,?,?,?,default)
Hibernate: insert into seats (fare_class,flight_id,row_number,seat_number,status,id) values (?,?,?,?,?,default)
Hibernate: insert into seats (fare_class,flight_id,row_number,seat_number,status,id) values (?,?,?,?,?,default)
Hibernate: insert into seats (fare_class,flight_id,row_number,seat_number,status,id) values (?,?,?,?,?,default)
Hibernate: insert into seats (fare_class,flight_id,row_number,seat_number,status,id) values (?,?,?,?,?,default)
Hibernate: insert into seats (fare_class,flight_id,row_number,seat_number,status,id) values (?,?,?,?,?,default)
Hibernate: insert into seats (fare_class,flight_id,row_number,seat_number,status,id) values (?,?,?,?,?,default)
Hibernate: insert into seats (fare_class,flight_id,row_number,seat_number,status,id) values (?,?,?,?,?,default)
Hibernate: insert into seats (fare_class,flight_id,row_number,seat_number,status,id) values (?,?,?,?,?,default)
Hibernate: insert into seats (fare_class,flight_id,row_number,seat_number,status,id) values (?,?,?,?,?,default)
Hibernate: insert into seats (fare_class,flight_id,row_number,seat_number,status,id) values (?,?,?,?,?,default)
Hibernate: insert into seats (fare_class,flight_id,row_number,seat_number,status,id) values (?,?,?,?,?,default)
Hibernate: insert into seats (fare_class,flight_id,row_number,seat_number,status,id) values (?,?,?,?,?,default)
Hibernate: insert into seats (fare_class,flight_id,row_number,seat_number,status,id) values (?,?,?,?,?,default)
Hibernate: insert into seats (fare_class,flight_id,row_number,seat_number,status,id) values (?,?,?,?,?,default)
Hibernate: insert into seats (fare_class,flight_id,row_number,seat_number,status,id) values (?,?,?,?,?,default)
Hibernate: insert into seats (fare_class,flight_id,row_number,seat_number,status,id) values (?,?,?,?,?,default)
Hibernate: insert into seats (fare_class,flight_id,row_number,seat_number,status,id) values (?,?,?,?,?,default)
Hibernate: insert into seats (fare_class,flight_id,row_number,seat_number,status,id) values (?,?,?,?,?,default)
Hibernate: insert into seats (fare_class,flight_id,row_number,seat_number,status,id) values (?,?,?,?,?,default)
Hibernate: insert into seats (fare_class,flight_id,row_number,seat_number,status,id) values (?,?,?,?,?,default)
Hibernate: insert into seats (fare_class,flight_id,row_number,seat_number,status,id) values (?,?,?,?,?,default)
Hibernate: insert into seats (fare_class,flight_id,row_number,seat_number,status,id) values (?,?,?,?,?,default)
Hibernate: insert into seats (fare_class,flight_id,row_number,seat_number,status,id) values (?,?,?,?,?,default)
Hibernate: insert into seats (fare_class,flight_id,row_number,seat_number,status,id) values (?,?,?,?,?,default)
Hibernate: insert into seats (fare_class,flight_id,row_number,seat_number,status,id) values (?,?,?,?,?,default)
Hibernate: insert into seats (fare_class,flight_id,row_number,seat_number,status,id) values (?,?,?,?,?,default)
Hibernate: insert into seats (fare_class,flight_id,row_number,seat_number,status,id) values (?,?,?,?,?,default)
Hibernate: insert into seats (fare_class,flight_id,row_number,seat_number,status,id) values (?,?,?,?,?,default)
Hibernate: insert into seats (fare_class,flight_id,row_number,seat_number,status,id) values (?,?,?,?,?,default)
Hibernate: insert into seats (fare_class,flight_id,row_number,seat_number,status,id) values (?,?,?,?,?,default)
Hibernate: insert into seats (fare_class,flight_id,row_number,seat_number,status,id) values (?,?,?,?,?,default)
Hibernate: insert into seats (fare_class,flight_id,row_number,seat_number,status,id) values (?,?,?,?,?,default)
Hibernate: insert into seats (fare_class,flight_id,row_number,seat_number,status,id) values (?,?,?,?,?,default)
Hibernate: insert into seats (fare_class,flight_id,row_number,seat_number,status,id) values (?,?,?,?,?,default)
Hibernate: insert into seats (fare_class,flight_id,row_number,seat_number,status,id) values (?,?,?,?,?,default)
Hibernate: insert into seats (fare_class,flight_id,row_number,seat_number,status,id) values (?,?,?,?,?,default)
Hibernate: insert into seats (fare_class,flight_id,row_number,seat_number,status,id) values (?,?,?,?,?,default)
Hibernate: insert into seats (fare_class,flight_id,row_number,seat_number,status,id) values (?,?,?,?,?,default)
Hibernate: insert into seats (fare_class,flight_id,row_number,seat_number,status,id) values (?,?,?,?,?,default)
Hibernate: insert into seats (fare_class,flight_id,row_number,seat_number,status,id) values (?,?,?,?,?,default)
Hibernate: insert into seats (fare_class,flight_id,row_number,seat_number,status,id) values (?,?,?,?,?,default)
Hibernate: insert into flights (arrival_airport,arrival_time,departure_airport,departure_time,flight_number,id) values (?,?,?,?,?,default)
Hibernate: insert into seats (fare_class,flight_id,row_number,seat_number,status,id) values (?,?,?,?,?,default)
Hibernate: insert into seats (fare_class,flight_id,row_number,seat_number,status,id) values (?,?,?,?,?,default)
Hibernate: insert into seats (fare_class,flight_id,row_number,seat_number,status,id) values (?,?,?,?,?,default)
Hibernate: insert into seats (fare_class,flight_id,row_number,seat_number,status,id) values (?,?,?,?,?,default)
Hibernate: insert into seats (fare_class,flight_id,row_number,seat_number,status,id) values (?,?,?,?,?,default)
Hibernate: insert into seats (fare_class,flight_id,row_number,seat_number,status,id) values (?,?,?,?,?,default)
Hibernate: insert into seats (fare_class,flight_id,row_number,seat_number,status,id) values (?,?,?,?,?,default)
Hibernate: insert into seats (fare_class,flight_id,row_number,seat_number,status,id) values (?,?,?,?,?,default)
Hibernate: insert into seats (fare_class,flight_id,row_number,seat_number,status,id) values (?,?,?,?,?,default)
Hibernate: insert into seats (fare_class,flight_id,row_number,seat_number,status,id) values (?,?,?,?,?,default)
Hibernate: insert into seats (fare_class,flight_id,row_number,seat_number,status,id) values (?,?,?,?,?,default)
Hibernate: insert into seats (fare_class,flight_id,row_number,seat_number,status,id) values (?,?,?,?,?,default)
Hibernate: insert into seats (fare_class,flight_id,row_number,seat_number,status,id) values (?,?,?,?,?,default)
Hibernate: insert into seats (fare_class,flight_id,row_number,seat_number,status,id) values (?,?,?,?,?,default)
Hibernate: insert into seats (fare_class,flight_id,row_number,seat_number,status,id) values (?,?,?,?,?,default)
Hibernate: insert into seats (fare_class,flight_id,row_number,seat_number,status,id) values (?,?,?,?,?,default)
Hibernate: insert into seats (fare_class,flight_id,row_number,seat_number,status,id) values (?,?,?,?,?,default)
Hibernate: insert into seats (fare_class,flight_id,row_number,seat_number,status,id) values (?,?,?,?,?,default)
Hibernate: insert into seats (fare_class,flight_id,row_number,seat_number,status,id) values (?,?,?,?,?,default)
Hibernate: insert into seats (fare_class,flight_id,row_number,seat_number,status,id) values (?,?,?,?,?,default)
Hibernate: insert into seats (fare_class,flight_id,row_number,seat_number,status,id) values (?,?,?,?,?,default)
Hibernate: insert into seats (fare_class,flight_id,row_number,seat_number,status,id) values (?,?,?,?,?,default)
Hibernate: insert into seats (fare_class,flight_id,row_number,seat_number,status,id) values (?,?,?,?,?,default)
Hibernate: insert into seats (fare_class,flight_id,row_number,seat_number,status,id) values (?,?,?,?,?,default)
Hibernate: insert into seats (fare_class,flight_id,row_number,seat_number,status,id) values (?,?,?,?,?,default)
Hibernate: insert into seats (fare_class,flight_id,row_number,seat_number,status,id) values (?,?,?,?,?,default)
Hibernate: insert into seats (fare_class,flight_id,row_number,seat_number,status,id) values (?,?,?,?,?,default)
Hibernate: insert into seats (fare_class,flight_id,row_number,seat_number,status,id) values (?,?,?,?,?,default)
Hibernate: insert into seats (fare_class,flight_id,row_number,seat_number,status,id) values (?,?,?,?,?,default)
Hibernate: insert into seats (fare_class,flight_id,row_number,seat_number,status,id) values (?,?,?,?,?,default)
Hibernate: insert into seats (fare_class,flight_id,row_number,seat_number,status,id) values (?,?,?,?,?,default)
Hibernate: insert into seats (fare_class,flight_id,row_number,seat_number,status,id) values (?,?,?,?,?,default)
Hibernate: insert into seats (fare_class,flight_id,row_number,seat_number,status,id) values (?,?,?,?,?,default)
Hibernate: insert into seats (fare_class,flight_id,row_number,seat_number,status,id) values (?,?,?,?,?,default)
Hibernate: insert into seats (fare_class,flight_id,row_number,seat_number,status,id) values (?,?,?,?,?,default)
Hibernate: insert into seats (fare_class,flight_id,row_number,seat_number,status,id) values (?,?,?,?,?,default)
Hibernate: insert into seats (fare_class,flight_id,row_number,seat_number,status,id) values (?,?,?,?,?,default)
Hibernate: insert into seats (fare_class,flight_id,row_number,seat_number,status,id) values (?,?,?,?,?,default)
Hibernate: insert into seats (fare_class,flight_id,row_number,seat_number,status,id) values (?,?,?,?,?,default)
Hibernate: insert into seats (fare_class,flight_id,row_number,seat_number,status,id) values (?,?,?,?,?,default)
Hibernate: insert into seats (fare_class,flight_id,row_number,seat_number,status,id) values (?,?,?,?,?,default)
Hibernate: insert into seats (fare_class,flight_id,row_number,seat_number,status,id) values (?,?,?,?,?,default)
Hibernate: insert into seats (fare_class,flight_id,row_number,seat_number,status,id) values (?,?,?,?,?,default)
Hibernate: insert into seats (fare_class,flight_id,row_number,seat_number,status,id) values (?,?,?,?,?,default)
Hibernate: insert into seats (fare_class,flight_id,row_number,seat_number,status,id) values (?,?,?,?,?,default)
Hibernate: insert into seats (fare_class,flight_id,row_number,seat_number,status,id) values (?,?,?,?,?,default)
Hibernate: insert into seats (fare_class,flight_id,row_number,seat_number,status,id) values (?,?,?,?,?,default)
Hibernate: insert into seats (fare_class,flight_id,row_number,seat_number,status,id) values (?,?,?,?,?,default)
Hibernate: insert into seats (fare_class,flight_id,row_number,seat_number,status,id) values (?,?,?,?,?,default)
Hibernate: insert into seats (fare_class,flight_id,row_number,seat_number,status,id) values (?,?,?,?,?,default)
Hibernate: insert into seats (fare_class,flight_id,row_number,seat_number,status,id) values (?,?,?,?,?,default)
Hibernate: insert into seats (fare_class,flight_id,row_number,seat_number,status,id) values (?,?,?,?,?,default)
Hibernate: insert into seats (fare_class,flight_id,row_number,seat_number,status,id) values (?,?,?,?,?,default)
Hibernate: insert into seats (fare_class,flight_id,row_number,seat_number,status,id) values (?,?,?,?,?,default)
]]></system-out>
  </testcase>
</testsuite>